2016/03/12 13:20:46 Start HTTP Server
signal: killed
2016/03/14 03:59:23 Start HTTP Server: 8081
signal: killed
2016/03/14 06:33:03 Start HTTP Server: 8081
signal: killed
2016/03/14 15:28:56 Start HTTP Server: 8081
2016/03/15 01:54:25 LogIP: Rapid access: 106.185.55.194
2016/03/15 01:54:26 LogIP: Rapid access: 106.185.55.194
2016/03/15 01:54:26 LogIP: Rapid access: 106.185.55.194
2016/03/15 01:54:27 LogIP: Rapid access: 106.185.55.194
2016/03/15 01:54:30 LogIP: Rapid access: 106.185.55.194
signal: killed
2016/03/15 03:02:26 Start HTTP Server: 8081
signal: killed
2016/03/15 11:10:32 Start HTTP Server: 8081
signal: killed
2016/03/15 11:47:15 Start HTTP Server: 8081
2016/03/15 03:57:37 Start HTTP Server: 8081
signal: killed
2016/03/17 04:16:57 Start HTTP Server: 8081
2016/03/17 04:17:09 finish encrypting 1270 ms
signal: killed
2016/03/18 13:41:54 Start HTTP Server: 8081
signal: killed
2016/03/18 14:46:27 Start HTTP Server: 8081
2016/03/18 15:09:23 finish encrypting 193 ms
2016/03/18 15:09:27 LogIP: Rapid access: 140.112.24.31
2016/03/18 15:46:53 finish encrypting 68 ms
2016/03/18 15:54:58 finish encrypting 1039 ms
2016/03/19 00:59:17 finish encrypting 123 ms
signal: killed
2016/03/19 03:35:35 Start HTTP Server: 8081
signal: killed
2016/03/19 08:35:28 Start HTTP Server: 8081
2016/03/19 08:35:56 Config reloaded hangup
signal: killed
2016/03/19 08:37:55 Start HTTP Server: 8081
2016/03/19 08:38:17 Config reloaded hangup
2016/03/19 08:38:23 Config reloaded hangup
signal: killed
2016/03/20 06:36:15 Start HTTP Server: 8081
signal: killed
2016/03/21 05:28:03 Start HTTP Server: 8081
2016/03/21 05:33:58 finish encrypting 723 ms
signal: killed
2016/03/21 05:57:54 Start HTTP Server: 8081
2016/03/21 06:20:01 finish encrypting 205 ms
signal: killed
2016/03/21 07:04:59 Start HTTP Server: 8081
signal: killed
